<?xml version="1.0" encoding="UTF-8"?>
<!-- Generated by org.testng.reporters.JUnitReportReporter -->
<testsuite skipped="0" hostname="AlienAngelDesk" name="tests.Tests" tests="4" failures="0" timestamp="2018-11-04T10:42:02 PST" time="47.018" errors="0">
  <testcase name="prubaUno" time="11.143" classname="tests.Tests"/>
  <testcase name="prubaDos" time="16.529" classname="tests.Tests"/>
  <testcase name="pruebaTres" time="15.925" classname="tests.Tests"/>
  <testcase name="pruebaCantidadCampos" time="3.421" classname="tests.Tests"/>
</testsuite> <!-- tests.Tests -->
